<?xml version="1.0" encoding="UTF-8"?>
<!-- Generated by org.testng.reporters.JUnitReportReporter -->
<testsuite skipped="0" hostname="IProPopka.fios-router.home" name="usa.stqa.pft.addressbook.test.GroupDeletionClass" tests="1" failures="0" timestamp="05 Jan 2019 22:26:10 GMT" time="3.054" errors="0">
  <testcase name="testGroupDeletionContact" time="3.054" classname="usa.stqa.pft.addressbook.test.GroupDeletionClass"/>
</testsuite> <!-- usa.stqa.pft.addressbook.test.GroupDeletionClass -->
