<?xml version="1.0" encoding="UTF-8"?>
<!-- Generated by org.testng.reporters.JUnitReportReporter -->
<testsuite skipped="0" hostname="IProPopka.fios-router.home" name="usa.stqa.pft.addressbook.test.GroupCreationTests" tests="1" failures="0" timestamp="05 Jan 2019 22:09:17 GMT" time="3.052" errors="0">
  <testcase name="testGroupCreation" time="3.052" classname="usa.stqa.pft.addressbook.test.GroupCreationTests"/>
</testsuite> <!-- usa.stqa.pft.addressbook.test.GroupCreationTests -->
