<?xml version="1.0" encoding="UTF-8"?>
<!-- Generated by org.testng.reporters.JUnitReportReporter -->
<testsuite skipped="0" hostname="IProPopka.fios-router.home" name="usa.stqa.pft.addressbook.test.GroupModificationTest" tests="1" failures="0" timestamp="09 Jan 2019 00:32:58 GMT" time="12.109" errors="0">
  <testcase name="testGroupModification" time="12.109" classname="usa.stqa.pft.addressbook.test.GroupModificationTest"/>
</testsuite> <!-- usa.stqa.pft.addressbook.test.GroupModificationTest -->
