<?xml version="1.0" encoding="UTF-8"?>
<!-- Generated by org.testng.reporters.JUnitReportReporter -->
<testsuite skipped="0" hostname="IProPopka.fios-router.home" name="usa.stqa.pft.addressbook.test.GroupCreationSafariTest" tests="1" failures="0" timestamp="30 Jan 2019 20:45:09 GMT" time="10.169" errors="0">
  <testcase name="testGroupCreationSafari" time="10.169" classname="usa.stqa.pft.addressbook.test.GroupCreationSafariTest"/>
</testsuite> <!-- usa.stqa.pft.addressbook.test.GroupCreationSafariTest -->
