<?xml version="1.0" encoding="UTF-8"?>
<!-- Generated by org.testng.reporters.JUnitReportReporter -->
<testsuite skipped="0" hostname="IProPopka.fios-router.home" name="usa.stqa.pft.addressbook.test.ContactDeletionTest" tests="1" failures="0" timestamp="30 Jan 2019 21:08:39 GMT" time="3.232" errors="0">
  <testcase name="testGroupDeletionContact" time="3.232" classname="usa.stqa.pft.addressbook.test.ContactDeletionTest"/>
</testsuite> <!-- usa.stqa.pft.addressbook.test.ContactDeletionTest -->
