<?xml version="1.0" encoding="UTF-8"?>
<!-- Generated by org.testng.reporters.JUnitReportReporter -->
<testsuite skipped="0" hostname="IProPopka.fios-router.home" name="usa.stqa.pft.addressbook.ClassCreationClass" tests="1" failures="0" timestamp="04 Jan 2019 23:47:49 GMT" time="1.615" errors="0">
  <testcase name="testClassCreation" time="1.615" classname="usa.stqa.pft.addressbook.ClassCreationClass"/>
</testsuite> <!-- usa.stqa.pft.addressbook.ClassCreationClass -->
