<?xml version="1.0" encoding="UTF-8"?>
<!-- Generated by org.testng.reporters.JUnitReportReporter -->
<testsuite skipped="0" hostname="IProPopka.fios-router.home" name="usa.stqa.pft.addressbook.GroupCreationClass" tests="1" failures="0" timestamp="05 Jan 2019 20:31:09 GMT" time="3.254" errors="0">
  <testcase name="testGroupCreationContact" time="3.254" classname="usa.stqa.pft.addressbook.GroupCreationClass"/>
</testsuite> <!-- usa.stqa.pft.addressbook.GroupCreationClass -->
