<?xml version="1.0" encoding="UTF-8"?>
<!-- Generated by org.testng.reporters.JUnitReportReporter -->
<testsuite skipped="0" hostname="IProPopka.fios-router.home" name="usa.stqa.pft.addressbook.test.ContactCreationTest" tests="1" failures="0" timestamp="03 Feb 2019 19:04:16 GMT" time="3.685" errors="0">
  <testcase name="testCreationContact" time="3.685" classname="usa.stqa.pft.addressbook.test.ContactCreationTest"/>
</testsuite> <!-- usa.stqa.pft.addressbook.test.ContactCreationTest -->
