<?xml version="1.0" encoding="UTF-8"?>
<!-- Generated by org.testng.reporters.JUnitReportReporter -->
<testsuite skipped="0" hostname="IProPopka.fios-router.home" name="usa.stqa.pft.addressbook.test.ContactModificationTest" tests="1" failures="0" timestamp="03 Feb 2019 19:04:31 GMT" time="6.942" errors="0">
  <testcase name="testContactModification" time="6.942" classname="usa.stqa.pft.addressbook.test.ContactModificationTest"/>
</testsuite> <!-- usa.stqa.pft.addressbook.test.ContactModificationTest -->
