<?xml version="1.0" encoding="UTF-8"?>
<!-- Generated by org.testng.reporters.JUnitReportReporter -->
<testsuite skipped="0" hostname="IProPopka.fios-router.home" name="usa.stqa.pft.addressbook.GroupDeletionTests" tests="1" failures="0" timestamp="05 Jan 2019 02:30:44 GMT" time="2.745" errors="0">
  <testcase name="testGroupDeletion" time="2.745" classname="usa.stqa.pft.addressbook.GroupDeletionTests"/>
</testsuite> <!-- usa.stqa.pft.addressbook.GroupDeletionTests -->
