<?xml version="1.0" encoding="UTF-8"?>
<!-- Generated by org.testng.reporters.JUnitReportReporter -->
<testsuite skipped="0" hostname="IProPopka.fios-router.home" name="usa.stqa.pft.sandbox.EquationTests" tests="3" failures="0" timestamp="09 Jan 2019 18:16:19 GMT" time="0.015" errors="0">
  <testcase name="test1" time="0.001" classname="usa.stqa.pft.sandbox.EquationTests"/>
  <testcase name="test2" time="0.001" classname="usa.stqa.pft.sandbox.EquationTests"/>
  <testcase name="test0" time="0.013" classname="usa.stqa.pft.sandbox.EquationTests"/>
</testsuite> <!-- usa.stqa.pft.sandbox.EquationTests -->
