<?xml version="1.0" encoding="UTF-8"?>
<!-- Generated by org.testng.reporters.JUnitReportReporter -->
<testsuite skipped="0" hostname="IProPopka.fios-router.home" name="usa.stqa.pft.sandbox.Distance" tests="1" failures="0" timestamp="03 Feb 2019 16:10:28 GMT" time="0.012" errors="0">
  <testcase name="test1" time="0.012" classname="usa.stqa.pft.sandbox.Distance"/>
</testsuite> <!-- usa.stqa.pft.sandbox.Distance -->
